{
  "stats": {
    "suites": 1,
    "tests": 1,
    "passes": 1,
    "pending": 0,
    "failures": 0,
    "start": "2023-06-02T15:02:58.894Z",
    "end": "2023-06-02T15:03:10.711Z",
    "duration": 11817,
    "testsRegistered": 1,
    "passPercent": 100,
    "pendingPercent": 0,
    "other": 0,
    "hasOther": false,
    "skipped": 0,
    "hasSkipped": false
  },
  "results": [
    {
      "uuid": "512ab63d-47b2-4a1d-90f0-13be93a911fa",
      "title": "",
      "fullFile": "cypress\\e2e\\scripts\\specs\\google-tests.cy.ts",
      "file": "cypress\\e2e\\scripts\\specs\\google-tests.cy.ts",
      "beforeHooks": [],
      "afterHooks": [],
      "tests": [],
      "suites": [
        {
          "uuid": "cf073928-27ae-44ca-82ad-812e789c92d5",
          "title": "Google Navigation",
          "fullFile": "",
          "file": "",
          "beforeHooks": [],
          "afterHooks": [],
          "tests": [
            {
              "title": "Google Search",
              "fullTitle": "Google Navigation Google Search",
              "timedOut": null,
              "duration": 8898,
              "state": "passed",
              "speed": "medium",
              "pass": true,
              "fail": false,
              "pending": false,
              "context": "{\n  \"title\": \"cypress-mochawesome-reporter-videos-passed\",\n  \"value\": \"cypress\\\\e2e\\\\scripts\\\\specs\\\\google-tests.cy.ts\"\n}",
              "code": "cy.visit('https://www.google.com');\ngoogle_search_page_1.default.clickDisclaimer.click({ force: true });\ngoogle_search_page_1.default.googleSearch.type(\"Playtech\");\ngoogle_search_page_1.default.googleSearchBtn.click({ force: true });\ngoogle_search_page_1.default.searchResults.should('be.visible');\ngoogle_search_page_1.default.clickLink.click({ force: true });",
              "err": {},
              "uuid": "731555f7-65e7-481f-8fa3-6a772eeff794",
              "parentUUID": "cf073928-27ae-44ca-82ad-812e789c92d5",
              "isHook": false,
              "skipped": false
            }
          ],
          "suites": [],
          "passes": [
            "731555f7-65e7-481f-8fa3-6a772eeff794"
          ],
          "failures": [],
          "pending": [],
          "skipped": [],
          "duration": 8898,
          "root": false,
          "rootEmpty": false,
          "_timeout": 2000
        }
      ],
      "passes": [],
      "failures": [],
      "pending": [],
      "skipped": [],
      "duration": 0,
      "root": true,
      "rootEmpty": true,
      "_timeout": 2000
    }
  ],
  "meta": {
    "mocha": {
      "version": "7.0.1"
    },
    "mochawesome": {
      "options": {
        "quiet": false,
        "reportFilename": "report",
        "saveHtml": false,
        "saveJson": true,
        "consoleReporter": "spec",
        "useInlineDiffs": false,
        "code": true
      },
      "version": "7.1.3"
    },
    "marge": {
      "options": {
        "reportFilename": "report",
        "charts": true,
        "reportDir": "cypress/results",
        "overwrite": false,
        "html": false,
        "json": true
      },
      "version": "6.2.0"
    }
  }
}