{
  "stats": {
    "suites": 2,
    "tests": 6,
    "passes": 6,
    "pending": 0,
    "failures": 0,
    "start": "2023-06-02T15:00:47.374Z",
    "end": "2023-06-02T15:00:55.113Z",
    "duration": 7739,
    "testsRegistered": 6,
    "passPercent": 100,
    "pendingPercent": 0,
    "other": 0,
    "hasOther": false,
    "skipped": 0,
    "hasSkipped": false
  },
  "results": [
    {
      "uuid": "f800789c-5953-476e-bf38-2ae06d0a71ca",
      "title": "",
      "fullFile": "cypress\\e2e\\2-advanced-examples\\misc.cy.js",
      "file": "cypress\\e2e\\2-advanced-examples\\misc.cy.js",
      "beforeHooks": [],
      "afterHooks": [],
      "tests": [],
      "suites": [
        {
          "uuid": "c7c85b9a-c1b8-4301-a2b7-053ef33de336",
          "title": "Misc",
          "fullFile": "",
          "file": "",
          "beforeHooks": [],
          "afterHooks": [],
          "tests": [
            {
              "title": ".end() - end the command chain",
              "fullTitle": "Misc .end() - end the command chain",
              "timedOut": null,
              "duration": 821,
              "state": "passed",
              "speed": "fast",
              "pass": true,
              "fail": false,
              "pending": false,
              "context": "{\n  \"title\": \"cypress-mochawesome-reporter-videos-passed\",\n  \"value\": \"cypress\\\\e2e\\\\2-advanced-examples\\\\misc.cy.js\"\n}",
              "code": "// https://on.cypress.io/end\n// cy.end is useful when you want to end a chain of commands\n// and force Cypress to re-query from the root element\ncy.get('.misc-table').within(() => {\n  // ends the current chain and yields null\n  cy.contains('Cheryl').click().end();\n  // queries the entire table again\n  cy.contains('Charles').click();\n});",
              "err": {},
              "uuid": "ba71a24b-9d16-4e5f-b224-ef3657ed0866",
              "parentUUID": "c7c85b9a-c1b8-4301-a2b7-053ef33de336",
              "isHook": false,
              "skipped": false
            },
            {
              "title": "cy.exec() - execute a system command",
              "fullTitle": "Misc cy.exec() - execute a system command",
              "timedOut": null,
              "duration": 542,
              "state": "passed",
              "speed": "fast",
              "pass": true,
              "fail": false,
              "pending": false,
              "context": "{\n  \"title\": \"cypress-mochawesome-reporter-videos-passed\",\n  \"value\": \"cypress\\\\e2e\\\\2-advanced-examples\\\\misc.cy.js\"\n}",
              "code": "// execute a system command.\n// so you can take actions necessary for\n// your test outside the scope of Cypress.\n// https://on.cypress.io/exec\n// we can use Cypress.platform string to\n// select appropriate command\n// https://on.cypress/io/platform\ncy.log(`Platform ${Cypress.platform} architecture ${Cypress.arch}`);\n// on CircleCI Windows build machines we have a failure to run bash shell\n// https://github.com/cypress-io/cypress/issues/5169\n// so skip some of the tests by passing flag \"--env circle=true\"\nconst isCircleOnWindows = Cypress.platform === 'win32' && Cypress.env('circle');\nif (isCircleOnWindows) {\n  cy.log('Skipping test on CircleCI');\n  return;\n}\n// cy.exec problem on Shippable CI\n// https://github.com/cypress-io/cypress/issues/6718\nconst isShippable = Cypress.platform === 'linux' && Cypress.env('shippable');\nif (isShippable) {\n  cy.log('Skipping test on ShippableCI');\n  return;\n}\ncy.exec('echo Jane Lane').its('stdout').should('contain', 'Jane Lane');\nif (Cypress.platform === 'win32') {\n  cy.exec(`print ${Cypress.config('configFile')}`).its('stderr').should('be.empty');\n} else {\n  cy.exec(`cat ${Cypress.config('configFile')}`).its('stderr').should('be.empty');\n  cy.exec('pwd').its('code').should('eq', 0);\n}",
              "err": {},
              "uuid": "6b37bb16-b38b-451d-8da6-4e353e9d1255",
              "parentUUID": "c7c85b9a-c1b8-4301-a2b7-053ef33de336",
              "isHook": false,
              "skipped": false
            },
            {
              "title": "cy.focused() - get the DOM element that has focus",
              "fullTitle": "Misc cy.focused() - get the DOM element that has focus",
              "timedOut": null,
              "duration": 463,
              "state": "passed",
              "speed": "fast",
              "pass": true,
              "fail": false,
              "pending": false,
              "context": "{\n  \"title\": \"cypress-mochawesome-reporter-videos-passed\",\n  \"value\": \"cypress\\\\e2e\\\\2-advanced-examples\\\\misc.cy.js\"\n}",
              "code": "// https://on.cypress.io/focused\ncy.get('.misc-form').find('#name').click();\ncy.focused().should('have.id', 'name');\ncy.get('.misc-form').find('#description').click();\ncy.focused().should('have.id', 'description');",
              "err": {},
              "uuid": "0b39e5a8-3af3-4e7b-bfc3-c4ce0c762185",
              "parentUUID": "c7c85b9a-c1b8-4301-a2b7-053ef33de336",
              "isHook": false,
              "skipped": false
            },
            {
              "title": "cy.wrap() - wrap an object",
              "fullTitle": "Misc cy.wrap() - wrap an object",
              "timedOut": null,
              "duration": 225,
              "state": "passed",
              "speed": "fast",
              "pass": true,
              "fail": false,
              "pending": false,
              "context": "{\n  \"title\": \"cypress-mochawesome-reporter-videos-passed\",\n  \"value\": \"cypress\\\\e2e\\\\2-advanced-examples\\\\misc.cy.js\"\n}",
              "code": "// https://on.cypress.io/wrap\ncy.wrap({\n  foo: 'bar'\n}).should('have.property', 'foo').and('include', 'bar');",
              "err": {},
              "uuid": "7b2de5ec-d267-4ab7-8a5d-d5ca271302c8",
              "parentUUID": "c7c85b9a-c1b8-4301-a2b7-053ef33de336",
              "isHook": false,
              "skipped": false
            }
          ],
          "suites": [
            {
              "uuid": "5488af64-e46e-472e-b8e6-a29f5da7508b",
              "title": "Cypress.Screenshot",
              "fullFile": "",
              "file": "",
              "beforeHooks": [],
              "afterHooks": [],
              "tests": [
                {
                  "title": "cy.screenshot() - take a screenshot",
                  "fullTitle": "Misc Cypress.Screenshot cy.screenshot() - take a screenshot",
                  "timedOut": null,
                  "duration": 2597,
                  "state": "passed",
                  "speed": "fast",
                  "pass": true,
                  "fail": false,
                  "pending": false,
                  "context": "[\n  {\n    \"title\": \"cypress-mochawesome-reporter-videos-passed\",\n    \"value\": \"cypress\\\\e2e\\\\2-advanced-examples\\\\misc.cy.js\"\n  },\n  {\n    \"title\": \"cypress-mochawesome-reporter-screenshots\",\n    \"value\": [\n      [\n        \"\\\\2-advanced-examples\\\\misc.cy.js\\\\my-image.png\"\n      ]\n    ]\n  }\n]",
                  "code": "// https://on.cypress.io/screenshot\ncy.screenshot('my-image');",
                  "err": {},
                  "uuid": "958756df-179e-488a-b05c-f7cd7f792067",
                  "parentUUID": "5488af64-e46e-472e-b8e6-a29f5da7508b",
                  "isHook": false,
                  "skipped": false
                },
                {
                  "title": "Cypress.Screenshot.defaults() - change default config of screenshots",
                  "fullTitle": "Misc Cypress.Screenshot Cypress.Screenshot.defaults() - change default config of screenshots",
                  "timedOut": null,
                  "duration": 203,
                  "state": "passed",
                  "speed": "fast",
                  "pass": true,
                  "fail": false,
                  "pending": false,
                  "context": "{\n  \"title\": \"cypress-mochawesome-reporter-videos-passed\",\n  \"value\": \"cypress\\\\e2e\\\\2-advanced-examples\\\\misc.cy.js\"\n}",
                  "code": "Cypress.Screenshot.defaults({\n  blackout: ['.foo'],\n  capture: 'viewport',\n  clip: {\n    x: 0,\n    y: 0,\n    width: 200,\n    height: 200\n  },\n  scale: false,\n  disableTimersAndAnimations: true,\n  screenshotOnRunFailure: true,\n  onBeforeScreenshot() {},\n  onAfterScreenshot() {}\n});",
                  "err": {},
                  "uuid": "3000a9bf-1baa-4545-bec0-a6f8a1b751ef",
                  "parentUUID": "5488af64-e46e-472e-b8e6-a29f5da7508b",
                  "isHook": false,
                  "skipped": false
                }
              ],
              "suites": [],
              "passes": [
                "958756df-179e-488a-b05c-f7cd7f792067",
                "3000a9bf-1baa-4545-bec0-a6f8a1b751ef"
              ],
              "failures": [],
              "pending": [],
              "skipped": [],
              "duration": 2800,
              "root": false,
              "rootEmpty": false,
              "_timeout": 2000
            }
          ],
          "passes": [
            "ba71a24b-9d16-4e5f-b224-ef3657ed0866",
            "6b37bb16-b38b-451d-8da6-4e353e9d1255",
            "0b39e5a8-3af3-4e7b-bfc3-c4ce0c762185",
            "7b2de5ec-d267-4ab7-8a5d-d5ca271302c8"
          ],
          "failures": [],
          "pending": [],
          "skipped": [],
          "duration": 2051,
          "root": false,
          "rootEmpty": false,
          "_timeout": 2000
        }
      ],
      "passes": [],
      "failures": [],
      "pending": [],
      "skipped": [],
      "duration": 0,
      "root": true,
      "rootEmpty": true,
      "_timeout": 2000
    }
  ],
  "meta": {
    "mocha": {
      "version": "7.0.1"
    },
    "mochawesome": {
      "options": {
        "quiet": false,
        "reportFilename": "report",
        "saveHtml": false,
        "saveJson": true,
        "consoleReporter": "spec",
        "useInlineDiffs": false,
        "code": true
      },
      "version": "7.1.3"
    },
    "marge": {
      "options": {
        "reportFilename": "report",
        "charts": true,
        "reportDir": "cypress/results",
        "overwrite": false,
        "html": false,
        "json": true
      },
      "version": "6.2.0"
    }
  }
}